				GTO description			Cycle 1		

Heidi Hammel			Interdisciplinary scientists	106 hours
Simon Lilly			Interdisciplinary scientists	112
Jonathan Lunine			Interdisciplinary scientists	100
Mark McCaughrean		Interdisciplinary scientists	 40
Massimo Stiavelli		Interdisciplinary scientists	 78
Rogier Windhorst		Interdisciplinary scientists	110
Gillian Wright			European MIRI Team PI
George Rieke			US MIRI Team PI
Marcia Rieke			NIRCam Team PI
René Doyon			NIRISS Team PI	
Pierre Ferruit			NIRSpec Team PI
Matt Mountain			Telescope Scientist
Christine Chen
430
155
905
448
865
192
12
  Scott Friedman
12
  Karl Gordon
12
  Tom Greene
Margaret Meixner
US MIRI Science Team
60
  Dean Hines
10
  57
  Alberto Noriega Crespo
12
  Mike Ressler
60